[info][parent] in parent main
[info][parent.one] blah
[info][parent.four] crap
[critical][parent.four] 
[info][parent.three] died
[emerg][parent.three] 
[info][parent.three] whoops
[emerg][parent.three] 
[info][parent.two] two
[debug][parent.two] two
[info][parent.two] xxx
[debug][parent.two] xxx
[info][parent.three] asdfas
[emerg][parent.three] 
[info][parent.one] vbqewqrq
[info][parent.one] blah
[info][parent.four] crap
[critical][parent.four] 
[info][parent.three] died
[emerg][parent.three] 
[info][parent.three] whoops
[emerg][parent.three] 
[info][parent.two] two
[debug][parent.two] two
[info][parent.two] xxx
[debug][parent.two] xxx
[info][parent.three] asdfas
[emerg][parent.three] 
[info][parent.one] vbqewqrq
